<?xml version="1.0" encoding="UTF-8"?>
<!-- Generated by org.testng.reporters.JUnitReportReporter -->
<testsuite skipped="0" hostname="DESKTOP-EU5RSED" name="com.epam.cdp.tests.SumCalTest" tests="4" failures="0" timestamp="2019-08-19T15:51:41 GMT+04:00" time="0.000" errors="0">
  <testcase name="onePlusTwo" time="0.000" classname="com.epam.cdp.tests.SumCalTest"/>
  <testcase name="onePlusTwo" time="0.000" classname="com.epam.cdp.tests.SumCalTest"/>
  <testcase name="onePlusTwo" time="0.000" classname="com.epam.cdp.tests.SumCalTest"/>
  <testcase name="onePlusTwo" time="0.000" classname="com.epam.cdp.tests.SumCalTest"/>
</testsuite> <!-- com.epam.cdp.tests.SumCalTest -->
